# JRE version: Java(TM) SE Runtime Environment (8.0_191-b12) (build 1.8.0_191-b12)
# Java VM: Java HotSpot(TM) 64-Bit Server VM (25.191-b12 mixed mode linux-amd64 compressed oops)
Heap:
 PSYoungGen      total 199168K, used 98340K [0x00000000e1c00000, 0x00000000ee500000, 0x0000000100000000)
  eden space 192512K, 51% used [0x00000000e1c00000,0x00000000e7c09028,0x00000000ed800000)
  from space 6656K, 0% used [0x00000000ede80000,0x00000000ede80000,0x00000000ee500000)
  to   space 6656K, 0% used [0x00000000ed800000,0x00000000ed800000,0x00000000ede80000)
 ParOldGen       total 40960K, used 8019K [0x00000000a5400000, 0x00000000a7c00000, 0x00000000e1c00000)
  object space 40960K, 19% used [0x00000000a5400000,0x00000000a5bd4ca8,0x00000000a7c00000)
 Metaspace       used 33301K, capacity 34928K, committed 35072K, reserved 1079296K
  class space    used 4536K, capacity 4849K, committed 4864K, reserved 1048576K
GC Heap History (10 events):
Event: 1.190 GC heap before
{Heap before GC invocations=5 (full 0):
 PSYoungGen      total 51712K, used 51601K [0x00000000e1c00000, 0x00000000e5200000, 0x0000000100000000)
  eden space 48128K, 99% used [0x00000000e1c00000,0x00000000e4ae85e0,0x00000000e4b00000)
  from space 3584K, 99% used [0x00000000e4e80000,0x00000000e51fc050,0x00000000e5200000)
  to   space 3584K, 0% used [0x00000000e4b00000,0x00000000e4b00000,0x00000000e4e80000)
 ParOldGen       total 62976K, used 3068K [0x00000000a5400000, 0x00000000a9180000, 0x00000000e1c00000)
  object space 62976K, 4% used [0x00000000a5400000,0x00000000a56ff248,0x00000000a9180000)
 Metaspace       used 18873K, capacity 20108K, committed 20224K, reserved 1067008K
  class space    used 2828K, capacity 3029K, committed 3072K, reserved 1048576K
Event: 1.196 GC heap after
Heap after GC invocations=5 (full 0):
 PSYoungGen      total 51712K, used 3568K [0x00000000e1c00000, 0x00000000e8600000, 0x0000000100000000)
  eden space 48128K, 0% used [0x00000000e1c00000,0x00000000e1c00000,0x00000000e4b00000)
  from space 3584K, 99% used [0x00000000e4b00000,0x00000000e4e7c030,0x00000000e4e80000)
  to   space 6144K, 0% used [0x00000000e8000000,0x00000000e8000000,0x00000000e8600000)
 ParOldGen       total 62976K, used 3221K [0x00000000a5400000, 0x00000000a9180000, 0x00000000e1c00000)
  object space 62976K, 5% used [0x00000000a5400000,0x00000000a57254f8,0x00000000a9180000)
 Metaspace       used 18873K, capacity 20108K, committed 20224K, reserved 1067008K
  class space    used 2828K, capacity 3029K, committed 3072K, reserved 1048576K
}
Event: 1.207 GC heap before
{Heap before GC invocations=6 (full 0):
 PSYoungGen      total 51712K, used 51661K [0x00000000e1c00000, 0x00000000e8600000, 0x0000000100000000)
  eden space 48128K, 99% used [0x00000000e1c00000,0x00000000e4af74d0,0x00000000e4b00000)
  from space 3584K, 99% used [0x00000000e4b00000,0x00000000e4e7c030,0x00000000e4e80000)
  to   space 6144K, 0% used [0x00000000e8000000,0x00000000e8000000,0x00000000e8600000)
 ParOldGen       total 62976K, used 3221K [0x00000000a5400000, 0x00000000a9180000, 0x00000000e1c00000)
  object space 62976K, 5% used [0x00000000a5400000,0x00000000a57254f8,0x00000000a9180000)
 Metaspace       used 18873K, capacity 20108K, committed 20224K, reserved 1067008K
  class space    used 2828K, capacity 3029K, committed 3072K, reserved 1048576K
Event: 1.213 GC heap after
Heap after GC invocations=6 (full 0):
 PSYoungGen      total 102400K, used 3682K [0x00000000e1c00000, 0x00000000e8600000, 0x0000000100000000)
  eden space 96256K, 0% used [0x00000000e1c00000,0x00000000e1c00000,0x00000000e7a00000)
  from space 6144K, 59% used [0x00000000e8000000,0x00000000e8398840,0x00000000e8600000)
  to   space 6144K, 0% used [0x00000000e7a00000,0x00000000e7a00000,0x00000000e8000000)
 ParOldGen       total 62976K, used 3229K [0x00000000a5400000, 0x00000000a9180000, 0x00000000e1c00000)
  object space 62976K, 5% used [0x00000000a5400000,0x00000000a57274f8,0x00000000a9180000)
 Metaspace       used 18873K, capacity 20108K, committed 20224K, reserved 1067008K
  class space    used 2828K, capacity 3029K, committed 3072K, reserved 1048576K
}
Event: 1.244 GC heap before
{Heap before GC invocations=7 (full 0):
 PSYoungGen      total 102400K, used 99855K [0x00000000e1c00000, 0x00000000e8600000, 0x0000000100000000)
  eden space 96256K, 99% used [0x00000000e1c00000,0x00000000e79eb780,0x00000000e7a00000)
  from space 6144K, 59% used [0x00000000e8000000,0x00000000e8398840,0x00000000e8600000)
  to   space 6144K, 0% used [0x00000000e7a00000,0x00000000e7a00000,0x00000000e8000000)
 ParOldGen       total 62976K, used 3229K [0x00000000a5400000, 0x00000000a9180000, 0x00000000e1c00000)
  object space 62976K, 5% used [0x00000000a5400000,0x00000000a57274f8,0x00000000a9180000)
 Metaspace       used 19074K, capacity 20342K, committed 20480K, reserved 1067008K
  class space    used 2854K, capacity 3064K, committed 3072K, reserved 1048576K
Event: 1.250 GC heap after
Heap after GC invocations=7 (full 0):
 PSYoungGen      total 102400K, used 378K [0x00000000e1c00000, 0x00000000ee500000, 0x0000000100000000)
  eden space 96256K, 0% used [0x00000000e1c00000,0x00000000e1c00000,0x00000000e7a00000)
  from space 6144K, 6% used [0x00000000e7a00000,0x00000000e7a5e840,0x00000000e8000000)
  to   space 6656K, 0% used [0x00000000ede80000,0x00000000ede80000,0x00000000ee500000)
 ParOldGen       total 62976K, used 6702K [0x00000000a5400000, 0x00000000a9180000, 0x00000000e1c00000)
  object space 62976K, 10% used [0x00000000a5400000,0x00000000a5a8ba18,0x00000000a9180000)
 Metaspace       used 19074K, capacity 20342K, committed 20480K, reserved 1067008K
  class space    used 2854K, capacity 3064K, committed 3072K, reserved 1048576K
}
Event: 1.379 GC heap before
{Heap before GC invocations=8 (full 0):
 PSYoungGen      total 102400K, used 22757K [0x00000000e1c00000, 0x00000000ee500000, 0x0000000100000000)
  eden space 96256K, 23% used [0x00000000e1c00000,0x00000000e31dabd8,0x00000000e7a00000)
  from space 6144K, 6% used [0x00000000e7a00000,0x00000000e7a5e840,0x00000000e8000000)
  to   space 6656K, 0% used [0x00000000ede80000,0x00000000ede80000,0x00000000ee500000)
 ParOldGen       total 62976K, used 6702K [0x00000000a5400000, 0x00000000a9180000, 0x00000000e1c00000)
  object space 62976K, 10% used [0x00000000a5400000,0x00000000a5a8ba18,0x00000000a9180000)
 Metaspace       used 19856K, capacity 21130K, committed 21296K, reserved 1067008K
  class space    used 2949K, capacity 3176K, committed 3200K, reserved 1048576K
Event: 1.382 GC heap after
Heap after GC invocations=8 (full 0):
 PSYoungGen      total 199168K, used 2014K [0x00000000e1c00000, 0x00000000ee500000, 0x0000000100000000)
  eden space 192512K, 0% used [0x00000000e1c00000,0x00000000e1c00000,0x00000000ed800000)
  from space 6656K, 30% used [0x00000000ede80000,0x00000000ee0779a0,0x00000000ee500000)
  to   space 6656K, 0% used [0x00000000ed800000,0x00000000ed800000,0x00000000ede80000)
 ParOldGen       total 62976K, used 6726K [0x00000000a5400000, 0x00000000a9180000, 0x00000000e1c00000)
  object space 62976K, 10% used [0x00000000a5400000,0x00000000a5a91a18,0x00000000a9180000)
 Metaspace       used 19856K, capacity 21130K, committed 21296K, reserved 1067008K
  class space    used 2949K, capacity 3176K, committed 3200K, reserved 1048576K
}
Event: 1.382 GC heap before
{Heap before GC invocations=9 (full 1):
 PSYoungGen      total 199168K, used 2014K [0x00000000e1c00000, 0x00000000ee500000, 0x0000000100000000)
  eden space 192512K, 0% used [0x00000000e1c00000,0x00000000e1c00000,0x00000000ed800000)
  from space 6656K, 30% used [0x00000000ede80000,0x00000000ee0779a0,0x00000000ee500000)
  to   space 6656K, 0% used [0x00000000ed800000,0x00000000ed800000,0x00000000ede80000)
 ParOldGen       total 62976K, used 6726K [0x00000000a5400000, 0x00000000a9180000, 0x00000000e1c00000)
  object space 62976K, 10% used [0x00000000a5400000,0x00000000a5a91a18,0x00000000a9180000)
 Metaspace       used 19856K, capacity 21130K, committed 21296K, reserved 1067008K
  class space    used 2949K, capacity 3176K, committed 3200K, reserved 1048576K
Event: 1.438 GC heap after
Heap after GC invocations=9 (full 1):
 PSYoungGen      total 199168K, used 0K [0x00000000e1c00000, 0x00000000ee500000, 0x0000000100000000)
  eden space 192512K, 0% used [0x00000000e1c00000,0x00000000e1c00000,0x00000000ed800000)
  from space 6656K, 0% used [0x00000000ede80000,0x00000000ede80000,0x00000000ee500000)
  to   space 6656K, 0% used [0x00000000ed800000,0x00000000ed800000,0x00000000ede80000)
 ParOldGen       total 40960K, used 8019K [0x00000000a5400000, 0x00000000a7c00000, 0x00000000e1c00000)
  object space 40960K, 19% used [0x00000000a5400000,0x00000000a5bd4ca8,0x00000000a7c00000)
 Metaspace       used 19856K, capacity 21130K, committed 21296K, reserved 1067008K
  class space    used 2949K, capacity 3176K, committed 3200K, reserved 1048576K
}

